<?xml version="1.0" encoding="UTF-8"?>
<!-- Generated by org.testng.reporters.JUnitXMLReporter -->
<testsuite ignored="0" hostname="DESKTOP-7APVUQ4" failures="0" tests="9" name="Default test" time="524.798" errors="0" timestamp="2023-02-15T18:34:05 IST">
  <testcase classname="trello.Trello_Test" name="home_page_check" time="1.791"/>
  <testcase classname="trello.Trello_Test" name="login_page_check" time="3.958"/>
  <testcase classname="trello.Trello_Test" name="login_To_Account" time="118.08"/>
  <testcase classname="trello.Trello_Test" name="create_and_delete_board" time="47.589"/>
  <testcase classname="trello.Trello_Test" name="create_2_lists_in_board" time="77.363"/>
  <testcase classname="trello.Trello_Test" name="swipe_2_lists" time="48.718"/>
  <testcase classname="trello.Trello_Test" name="sort_cards_alpabetically" time="38.331"/>
  <testcase classname="trello.Trello_Test" name="get_count_Of_lists_and_cards" time="47.461"/>
  <testcase classname="trello.Trello_Test" name="move_loaded_list_to_another_board" time="49.907"/>
</testsuite> <!-- Default test -->
