<?xml version="1.0" encoding="UTF-8"?>
<!-- Generated by org.testng.reporters.JUnitXMLReporter -->
<testsuite ignored="2" hostname="DESKTOP-7APVUQ4" failures="0" tests="1" name="Test" time="0.201" errors="0" timestamp="2023-01-28T13:28:01 IST">
  <testcase classname="com.qspider.atlassian.genericutility.BaseClass" name="@BeforeMethod configBeforeMethod" time="-1.67489268141E9">
    <failure type="org.testng.TestNGException" message="
Parameter &amp;apos;browser&amp;apos; is required by BeforeMethod on method configBeforeMethod but has not been marked @Optional or defined
in C:\Users\Admin\eclipse-workspace\trello\paraTCExe.xml">
      <![CDATA[org.testng.TestNGException: 
Parameter 'browser' is required by BeforeMethod on method configBeforeMethod but has not been marked @Optional or defined
in C:\Users\Admin\eclipse-workspace\trello\paraTCExe.xml
at java.base/java.util.ArrayList.forEach(ArrayList.java:1511)
... Removed 28 stack frames]]>
    </failure>
  </testcase> <!-- @BeforeMethod configBeforeMethod -->
  <testcase classname="com.qspider.atlassian.genericutility.BaseClass" name="@AfterMethod configAfterMethod" time="0.0">
    <skipped/>
  </testcase> <!-- @AfterMethod configAfterMethod -->
  <testcase classname="trello.ParameterizedTestCaseExecution" name="loginpageCheck" time="0.001">
    <skipped/>
  </testcase> <!-- loginpageCheck -->
  <testcase classname="trello.ParameterizedTestCaseExecution" name="homepageCheck" time="0.0">
    <ignored/>
  </testcase> <!-- homepageCheck -->
  <testcase classname="trello.ParameterizedTestCaseExecution" name="loginToAccount" time="0.0">
    <ignored/>
  </testcase> <!-- loginToAccount -->
</testsuite> <!-- Test -->
