<?xml version="1.0" encoding="UTF-8"?>
<!-- Generated by org.testng.reporters.JUnitXMLReporter -->
<testsuite ignored="0" hostname="DESKTOP-7APVUQ4" failures="0" tests="10" name="Test" time="409.39" errors="0" timestamp="2023-02-25T20:36:10 IST">
  <testcase classname="trello.Trello_Test" name="home_page_check" time="11.224"/>
  <testcase classname="trello.Trello_Test" name="login_page_check" time="5.196"/>
  <testcase classname="trello.Trello_Test" name="login_To_Account" time="26.708"/>
  <testcase classname="trello.Trello_Test" name="create_and_delete_board" time="36.639"/>
  <testcase classname="trello.Trello_Test" name="create_2_lists_in_board" time="49.617"/>
  <testcase classname="trello.Trello_Test" name="swipe_2_lists" time="38.906"/>
  <testcase classname="trello.Trello_Test" name="sort_cards_alpabetically" time="38.204"/>
  <testcase classname="trello.Trello_Test" name="get_count_Of_lists_and_cards" time="37.229">
    <skipped/>
  </testcase> <!-- get_count_Of_lists_and_cards -->
  <testcase classname="trello.Trello_Test" name="get_count_Of_lists_and_cards" time="39.957"/>
  <testcase classname="trello.Trello_Test" name="move_loaded_list_to_another_board" time="47.329"/>
</testsuite> <!-- Test -->
