<?xml version="1.0" encoding="UTF-8"?>
<!-- Generated by org.testng.reporters.JUnitXMLReporter -->
<testsuite ignored="7" hostname="DESKTOP-7APVUQ4" failures="0" tests="2" name="Test(failed)" time="102.41" errors="0" timestamp="2023-01-17T13:21:23 IST">
  <testcase classname="trello.TrelloTestCaseExecution" name="getCountOfCardAndList" time="43.508"/>
  <testcase classname="trello.TrelloTestCaseExecution" name="create2ListsInBoard" time="43.432"/>
  <testcase classname="trello.TrelloTestCaseExecution" name="moveLoadedListToAnotherBoard" time="0.0">
    <ignored/>
  </testcase> <!-- moveLoadedListToAnotherBoard -->
  <testcase classname="trello.TrelloTestCaseExecution" name="sortCardsAlpabetically" time="0.0">
    <ignored/>
  </testcase> <!-- sortCardsAlpabetically -->
  <testcase classname="trello.TrelloTestCaseExecution" name="createAndDeleteBoard" time="0.0">
    <ignored/>
  </testcase> <!-- createAndDeleteBoard -->
  <testcase classname="trello.TrelloTestCaseExecution" name="loginpageCheck" time="0.0">
    <ignored/>
  </testcase> <!-- loginpageCheck -->
  <testcase classname="trello.TrelloTestCaseExecution" name="homepageCheck" time="0.0">
    <ignored/>
  </testcase> <!-- homepageCheck -->
  <testcase classname="trello.TrelloTestCaseExecution" name="loginToAccount" time="0.0">
    <ignored/>
  </testcase> <!-- loginToAccount -->
  <testcase classname="trello.TrelloTestCaseExecution" name="swapTheList" time="0.0">
    <ignored/>
  </testcase> <!-- swapTheList -->
</testsuite> <!-- Test(failed) -->
